<?xml version="1.0" encoding="UTF-8"?>
<robot generator="Robot 3.1.2 (Python 3.7.4 on darwin)" generated="20191216 15:31:19.313" rpa="false">
<suite id="s1" name="Automate" source="/Users/jgraybeal/Documents/GitHub/cedar-screenshots-robot/automate">
<suite id="s1-s1" name="Valid Login" source="/Users/jgraybeal/Documents/GitHub/cedar-screenshots-robot/automate/valid_login.robot">
<test id="s1-s1-t1" name="Valid Login">
<kw name="Set Screenshot Directory" library="Selenium2Library" type="setup">
<doc>Sets the directory for captured screenshots.</doc>
<arguments>
<arg>screenshots/</arg>
</arguments>
<status status="PASS" starttime="20191216 15:31:19.560" endtime="20191216 15:31:19.560"></status>
</kw>
<kw name="Open Browser To Login Page" library="resource">
<kw name="Open Browser" library="Selenium2Library">
<doc>Opens a new browser instance to the optional ``url``.</doc>
<arguments>
<arg>${LOGIN URL}</arg>
<arg>${BROWSER}</arg>
</arguments>
<msg timestamp="20191216 15:31:19.561" level="INFO">Opening browser 'Chrome' to base url 'https://cedar.metadatacenter.org'.</msg>
<status status="PASS" starttime="20191216 15:31:19.560" endtime="20191216 15:31:23.813"></status>
</kw>
<kw name="Maximize Browser Window" library="Selenium2Library">
<doc>Maximizes current browser window.</doc>
<status status="PASS" starttime="20191216 15:31:23.814" endtime="20191216 15:31:24.525"></status>
</kw>
<kw name="Set Selenium Speed" library="Selenium2Library">
<doc>Sets the delay that is waited after each Selenium command.</doc>
<arguments>
<arg>${MIN_DELAY}</arg>
</arguments>
<status status="PASS" starttime="20191216 15:31:24.525" endtime="20191216 15:31:24.525"></status>
</kw>
<status status="PASS" starttime="20191216 15:31:19.560" endtime="20191216 15:31:24.526"></status>
</kw>
<kw name="Input Username" library="resource">
<arguments>
<arg>thecedarteam@gmail.com</arg>
</arguments>
<kw name="Input Text" library="Selenium2Library">
<doc>Types the given ``text`` into the text field identified by ``locator``.</doc>
<arguments>
<arg>username</arg>
<arg>${username}</arg>
</arguments>
<msg timestamp="20191216 15:31:24.528" level="INFO">Typing text 'thecedarteam@gmail.com' into text field 'username'.</msg>
<status status="PASS" starttime="20191216 15:31:24.527" endtime="20191216 15:31:24.672"></status>
</kw>
<status status="PASS" starttime="20191216 15:31:24.526" endtime="20191216 15:31:24.672"></status>
</kw>
<kw name="Input Password" library="resource">
<arguments>
<arg>markmusen007</arg>
</arguments>
<kw name="Input Text" library="Selenium2Library">
<doc>Types the given ``text`` into the text field identified by ``locator``.</doc>
<arguments>
<arg>password</arg>
<arg>${password}</arg>
</arguments>
<msg timestamp="20191216 15:31:24.673" level="INFO">Typing text 'markmusen007' into text field 'password'.</msg>
<status status="PASS" starttime="20191216 15:31:24.673" endtime="20191216 15:31:24.754"></status>
</kw>
<status status="PASS" starttime="20191216 15:31:24.673" endtime="20191216 15:31:24.754"></status>
</kw>
<kw name="Capture Page Screenshot" library="Selenium2Library">
<doc>Takes a screenshot of the current page and embeds it into a log file.</doc>
<arguments>
<arg>login.png</arg>
</arguments>
<msg timestamp="20191216 15:31:25.329" level="INFO" html="yes">&lt;/td&gt;&lt;/tr&gt;&lt;tr&gt;&lt;td colspan="3"&gt;&lt;a href="screenshots/login.png"&gt;&lt;img src="screenshots/login.png" width="800px"&gt;&lt;/a&gt;</msg>
<status status="PASS" starttime="20191216 15:31:24.754" endtime="20191216 15:31:25.329"></status>
</kw>
<kw name="Submit Credentials" library="resource">
<kw name="Click Button" library="Selenium2Library">
<doc>Clicks the button identified by ``locator``.</doc>
<arguments>
<arg>login</arg>
</arguments>
<msg timestamp="20191216 15:31:25.330" level="INFO">Clicking button 'login'.</msg>
<status status="PASS" starttime="20191216 15:31:25.330" endtime="20191216 15:31:25.828"></status>
</kw>
<status status="PASS" starttime="20191216 15:31:25.329" endtime="20191216 15:31:25.828"></status>
</kw>
<kw name="CEDAR Workspace Should Be Open" library="resource">
<kw name="Title Should Be" library="Selenium2Library">
<doc>Verifies that the current page title equals ``title``.</doc>
<arguments>
<arg>Project Cedar</arg>
</arguments>
<msg timestamp="20191216 15:31:25.833" level="INFO">Page title is 'Project Cedar'.</msg>
<status status="PASS" starttime="20191216 15:31:25.829" endtime="20191216 15:31:25.833"></status>
</kw>
<kw name="Set Selenium Speed" library="Selenium2Library">
<doc>Sets the delay that is waited after each Selenium command.</doc>
<arguments>
<arg>${DELAY}</arg>
</arguments>
<status status="PASS" starttime="20191216 15:31:25.833" endtime="20191216 15:31:25.834"></status>
</kw>
<kw name="Set Selenium Implicit Wait" library="Selenium2Library">
<doc>Sets the implicit wait value used by Selenium.</doc>
<arguments>
<arg>${WAITTIME}</arg>
</arguments>
<status status="PASS" starttime="20191216 15:31:25.834" endtime="20191216 15:31:27.838"></status>
</kw>
<status status="PASS" starttime="20191216 15:31:25.828" endtime="20191216 15:31:27.838"></status>
</kw>
<status status="PASS" starttime="20191216 15:31:19.559" endtime="20191216 15:31:27.839" critical="yes"></status>
</test>
<test id="s1-s1-t2" name="Create New Element">
<kw name="Set Screenshot Directory" library="Selenium2Library" type="setup">
<doc>Sets the directory for captured screenshots.</doc>
<arguments>
<arg>screenshots/</arg>
</arguments>
<status status="PASS" starttime="20191216 15:31:27.840" endtime="20191216 15:31:27.841"></status>
</kw>
<kw name="Click New Button" library="resource">
<kw name="Click Button" library="Selenium2Library">
<doc>Clicks the button identified by ``locator``.</doc>
<arguments>
<arg>button-create</arg>
</arguments>
<msg timestamp="20191216 15:31:27.842" level="INFO">Clicking button 'button-create'.</msg>
<status status="PASS" starttime="20191216 15:31:27.841" endtime="20191216 15:31:40.929"></status>
</kw>
<status status="PASS" starttime="20191216 15:31:27.841" endtime="20191216 15:31:40.929"></status>
</kw>
<kw name="Click Link" library="Selenium2Library">
<doc>Clicks a link identified by ``locator``.</doc>
<arguments>
<arg>id=button-create-element</arg>
</arguments>
<msg timestamp="20191216 15:31:40.930" level="INFO">Clicking link 'id=button-create-element'.</msg>
<status status="PASS" starttime="20191216 15:31:40.930" endtime="20191216 15:31:47.075"></status>
</kw>
<kw name="Input Field Name By ID" library="resource">
<arguments>
<arg>element-name</arg>
<arg>Address</arg>
</arguments>
<kw name="Input Text" library="Selenium2Library">
<doc>Types the given ``text`` into the text field identified by ``locator``.</doc>
<arguments>
<arg>id=${fieldname}</arg>
<arg>${fieldvalue}</arg>
</arguments>
<msg timestamp="20191216 15:31:47.076" level="INFO">Typing text 'Address' into text field 'id=element-name'.</msg>
<status status="PASS" starttime="20191216 15:31:47.076" endtime="20191216 15:31:53.230"></status>
</kw>
<status status="PASS" starttime="20191216 15:31:47.075" endtime="20191216 15:31:53.231"></status>
</kw>
<kw name="Input Field Name By ID" library="resource">
<arguments>
<arg>element-identifier</arg>
<arg>demo-address</arg>
</arguments>
<kw name="Input Text" library="Selenium2Library">
<doc>Types the given ``text`` into the text field identified by ``locator``.</doc>
<arguments>
<arg>id=${fieldname}</arg>
<arg>${fieldvalue}</arg>
</arguments>
<msg timestamp="20191216 15:31:53.232" level="INFO">Typing text 'demo-address' into text field 'id=element-identifier'.</msg>
<status status="PASS" starttime="20191216 15:31:53.232" endtime="20191216 15:31:59.381"></status>
</kw>
<status status="PASS" starttime="20191216 15:31:53.231" endtime="20191216 15:31:59.381"></status>
</kw>
<kw name="Input Field Name By ID" library="resource">
<arguments>
<arg>element-description</arg>
<arg>"A demo element to document address"</arg>
</arguments>
<kw name="Input Text" library="Selenium2Library">
<doc>Types the given ``text`` into the text field identified by ``locator``.</doc>
<arguments>
<arg>id=${fieldname}</arg>
<arg>${fieldvalue}</arg>
</arguments>
<msg timestamp="20191216 15:31:59.382" level="INFO">Typing text '"A demo element to document address"' into text field 'id=element-description'.</msg>
<status status="PASS" starttime="20191216 15:31:59.382" endtime="20191216 15:32:05.621"></status>
</kw>
<status status="PASS" starttime="20191216 15:31:59.381" endtime="20191216 15:32:05.622"></status>
</kw>
<kw name="Add CEDAR Controlled Term" library="resource">
<arguments>
<arg>"Address"</arg>
<arg>"C25407"</arg>
</arguments>
<kw name="Click Button By Class" library="resource">
<arguments>
<arg>show-type</arg>
</arguments>
<kw name="Click Element" library="Selenium2Library">
<doc>Click the element identified by ``locator``.</doc>
<arguments>
<arg>//button[contains(@class, ${btnname})]</arg>
</arguments>
<msg timestamp="20191216 15:32:05.623" level="INFO">Clicking element '//button[contains(@class, show-type)]'.</msg>
<status status="PASS" starttime="20191216 15:32:05.623" endtime="20191216 15:32:09.730"></status>
</kw>
<status status="PASS" starttime="20191216 15:32:05.622" endtime="20191216 15:32:09.731"></status>
</kw>
<kw name="Input Ontology Term" library="resource">
<arguments>
<arg>${ontosearchstring}</arg>
<arg>${ontoterm}</arg>
</arguments>
<kw name="Input Field Name By ID" library="resource">
<arguments>
<arg>field-search-input</arg>
<arg>${ontosearchstring}</arg>
</arguments>
<kw name="Input Text" library="Selenium2Library">
<doc>Types the given ``text`` into the text field identified by ``locator``.</doc>
<arguments>
<arg>id=${fieldname}</arg>
<arg>${fieldvalue}</arg>
</arguments>
<msg timestamp="20191216 15:32:09.732" level="INFO">Typing text '"Address"' into text field 'id=field-search-input'.</msg>
<status status="PASS" starttime="20191216 15:32:09.732" endtime="20191216 15:32:15.851"></status>
</kw>
<status status="PASS" starttime="20191216 15:32:09.731" endtime="20191216 15:32:15.851"></status>
</kw>
<kw name="Set Selenium Implicit Wait" library="Selenium2Library">
<doc>Sets the implicit wait value used by Selenium.</doc>
<arguments>
<arg>${DELAY}</arg>
</arguments>
<status status="PASS" starttime="20191216 15:32:15.851" endtime="20191216 15:32:17.856"></status>
</kw>
<kw name="Wait Until Page Contains Element" library="Selenium2Library">
<doc>Waits until the element ``locator`` appears on the current page.</doc>
<arguments>
<arg>//td[contains(text(), ${ontoterm})]</arg>
<arg>10s</arg>
</arguments>
<status status="PASS" starttime="20191216 15:32:17.856" endtime="20191216 15:32:19.875"></status>
</kw>
<kw name="Click Element" library="Selenium2Library">
<doc>Click the element identified by ``locator``.</doc>
<arguments>
<arg>//td[contains(text(), ${ontoterm})]</arg>
</arguments>
<msg timestamp="20191216 15:32:19.876" level="INFO">Clicking element '//td[contains(text(), "C25407")]'.</msg>
<status status="PASS" starttime="20191216 15:32:19.875" endtime="20191216 15:32:24.036"></status>
</kw>
<status status="PASS" starttime="20191216 15:32:09.731" endtime="20191216 15:32:24.036"></status>
</kw>
<kw name="Click Button By Class" library="resource">
<arguments>
<arg>"btn-add-term"</arg>
</arguments>
<kw name="Click Element" library="Selenium2Library">
<doc>Click the element identified by ``locator``.</doc>
<arguments>
<arg>//button[contains(@class, ${btnname})]</arg>
</arguments>
<msg timestamp="20191216 15:32:24.038" level="INFO">Clicking element '//button[contains(@class, "btn-add-term")]'.</msg>
<status status="PASS" starttime="20191216 15:32:24.037" endtime="20191216 15:32:28.169"></status>
</kw>
<status status="PASS" starttime="20191216 15:32:24.037" endtime="20191216 15:32:28.169"></status>
</kw>
<status status="PASS" starttime="20191216 15:32:05.622" endtime="20191216 15:32:28.170"></status>
</kw>
<kw name="Click Button By Class" library="resource">
<arguments>
<arg>"dropdown-toggle"</arg>
</arguments>
<kw name="Click Element" library="Selenium2Library">
<doc>Click the element identified by ``locator``.</doc>
<arguments>
<arg>//button[contains(@class, ${btnname})]</arg>
</arguments>
<msg timestamp="20191216 15:32:28.171" level="INFO">Clicking element '//button[contains(@class, "dropdown-toggle")]'.</msg>
<status status="PASS" starttime="20191216 15:32:28.171" endtime="20191216 15:32:32.268"></status>
</kw>
<status status="PASS" starttime="20191216 15:32:28.170" endtime="20191216 15:32:32.268"></status>
</kw>
<kw name="Capture Page Screenshot" library="Selenium2Library">
<doc>Takes a screenshot of the current page and embeds it into a log file.</doc>
<arguments>
<arg>elementSetType.png</arg>
</arguments>
<msg timestamp="20191216 15:32:34.796" level="INFO" html="yes">&lt;/td&gt;&lt;/tr&gt;&lt;tr&gt;&lt;td colspan="3"&gt;&lt;a href="screenshots/elementSetType.png"&gt;&lt;img src="screenshots/elementSetType.png" width="800px"&gt;&lt;/a&gt;</msg>
<status status="PASS" starttime="20191216 15:32:32.268" endtime="20191216 15:32:34.796"></status>
</kw>
<kw name="Click Button By Class" library="resource">
<arguments>
<arg>"close"</arg>
</arguments>
<kw name="Click Element" library="Selenium2Library">
<doc>Click the element identified by ``locator``.</doc>
<arguments>
<arg>//button[contains(@class, ${btnname})]</arg>
</arguments>
<msg timestamp="20191216 15:32:34.797" level="INFO">Clicking element '//button[contains(@class, "close")]'.</msg>
<status status="PASS" starttime="20191216 15:32:34.796" endtime="20191216 15:32:38.948"></status>
</kw>
<status status="PASS" starttime="20191216 15:32:34.796" endtime="20191216 15:32:38.948"></status>
</kw>
<kw name="Add Text Field" library="resource">
<arguments>
<arg>Address Line 1</arg>
<arg>First Part of Street Address</arg>
<arg>"True"</arg>
</arguments>
<kw name="Click Link" library="Selenium2Library">
<doc>Clicks a link identified by ``locator``.</doc>
<arguments>
<arg>id=button-add-field-textfield</arg>
</arguments>
<msg timestamp="20191216 15:32:38.949" level="INFO">Clicking link 'id=button-add-field-textfield'.</msg>
<status status="PASS" starttime="20191216 15:32:38.949" endtime="20191216 15:32:45.134"></status>
</kw>
<kw name="Input Field Name By Label" library="resource">
<arguments>
<arg>"Enter Field Name"</arg>
<arg>${fieldname}</arg>
</arguments>
<kw name="Input Text" library="Selenium2Library">
<doc>Types the given ``text`` into the text field identified by ``locator``.</doc>
<arguments>
<arg>//input[@aria-label=${fieldlabel}]</arg>
<arg>${fieldvalue}</arg>
</arguments>
<msg timestamp="20191216 15:32:45.135" level="INFO">Typing text 'Address Line 1' into text field '//input[@aria-label="Enter Field Name"]'.</msg>
<status status="PASS" starttime="20191216 15:32:45.134" endtime="20191216 15:32:51.270"></status>
</kw>
<status status="PASS" starttime="20191216 15:32:45.134" endtime="20191216 15:32:51.271"></status>
</kw>
<kw name="Input Field Name By Label" library="resource">
<arguments>
<arg>"Enter Field Help Text"</arg>
<arg>${fieldhelptext}</arg>
</arguments>
<kw name="Input Text" library="Selenium2Library">
<doc>Types the given ``text`` into the text field identified by ``locator``.</doc>
<arguments>
<arg>//input[@aria-label=${fieldlabel}]</arg>
<arg>${fieldvalue}</arg>
</arguments>
<msg timestamp="20191216 15:32:51.272" level="INFO">Typing text 'First Part of Street Address' into text field '//input[@aria-label="Enter Field Help Text"]'.</msg>
<status status="PASS" starttime="20191216 15:32:51.271" endtime="20191216 15:32:57.500"></status>
</kw>
<status status="PASS" starttime="20191216 15:32:51.271" endtime="20191216 15:32:57.500"></status>
</kw>
<kw name="Run Keyword If" library="BuiltIn">
<doc>Runs the given keyword with the given arguments, if ``condition`` is true.</doc>
<arguments>
<arg>${is_required} == 'True'</arg>
<arg>Set Text Field Required</arg>
</arguments>
<kw name="Set Text Field Required" library="resource">
<kw name="Select Tab" library="resource">
<arguments>
<arg>"required-tab"</arg>
</arguments>
<kw name="Click Element" library="Selenium2Library">
<doc>Click the element identified by ``locator``.</doc>
<arguments>
<arg>//div[contains(@class, ${tabname})]</arg>
</arguments>
<msg timestamp="20191216 15:32:57.502" level="INFO">Clicking element '//div[contains(@class, "required-tab")]'.</msg>
<status status="PASS" starttime="20191216 15:32:57.502" endtime="20191216 15:33:01.583"></status>
</kw>
<status status="PASS" starttime="20191216 15:32:57.501" endtime="20191216 15:33:01.584"></status>
</kw>
<kw name="Select Range" library="resource">
<arguments>
<arg>"date-range"</arg>
</arguments>
<kw name="Click Element" library="Selenium2Library">
<doc>Click the element identified by ``locator``.</doc>
<arguments>
<arg>//div[contains(@class, ${tabname})]</arg>
</arguments>
<msg timestamp="20191216 15:33:01.584" level="INFO">Clicking element '//div[contains(@class, "date-range")]'.</msg>
<status status="PASS" starttime="20191216 15:33:01.584" endtime="20191216 15:33:05.661"></status>
</kw>
<status status="PASS" starttime="20191216 15:33:01.584" endtime="20191216 15:33:05.661"></status>
</kw>
<kw name="Capture Page Screenshot" library="Selenium2Library">
<doc>Takes a screenshot of the current page and embeds it into a log file.</doc>
<arguments>
<arg>setRequired.png</arg>
</arguments>
<msg timestamp="20191216 15:33:08.100" level="INFO" html="yes">&lt;/td&gt;&lt;/tr&gt;&lt;tr&gt;&lt;td colspan="3"&gt;&lt;a href="screenshots/setRequired.png"&gt;&lt;img src="screenshots/setRequired.png" width="800px"&gt;&lt;/a&gt;</msg>
<status status="PASS" starttime="20191216 15:33:05.661" endtime="20191216 15:33:08.100"></status>
</kw>
<status status="PASS" starttime="20191216 15:32:57.501" endtime="20191216 15:33:08.100"></status>
</kw>
<status status="PASS" starttime="20191216 15:32:57.500" endtime="20191216 15:33:08.100"></status>
</kw>
<status status="PASS" starttime="20191216 15:32:38.948" endtime="20191216 15:33:08.101"></status>
</kw>
<kw name="Add Text Field" library="resource">
<arguments>
<arg>Address Line 2</arg>
<arg>Additional Street Address Information</arg>
<arg>"False"</arg>
</arguments>
<kw name="Click Link" library="Selenium2Library">
<doc>Clicks a link identified by ``locator``.</doc>
<arguments>
<arg>id=button-add-field-textfield</arg>
</arguments>
<msg timestamp="20191216 15:33:08.102" level="INFO">Clicking link 'id=button-add-field-textfield'.</msg>
<status status="PASS" starttime="20191216 15:33:08.102" endtime="20191216 15:33:14.448"></status>
</kw>
<kw name="Input Field Name By Label" library="resource">
<arguments>
<arg>"Enter Field Name"</arg>
<arg>${fieldname}</arg>
</arguments>
<kw name="Input Text" library="Selenium2Library">
<doc>Types the given ``text`` into the text field identified by ``locator``.</doc>
<arguments>
<arg>//input[@aria-label=${fieldlabel}]</arg>
<arg>${fieldvalue}</arg>
</arguments>
<msg timestamp="20191216 15:33:14.450" level="INFO">Typing text 'Address Line 2' into text field '//input[@aria-label="Enter Field Name"]'.</msg>
<status status="PASS" starttime="20191216 15:33:14.449" endtime="20191216 15:33:20.601"></status>
</kw>
<status status="PASS" starttime="20191216 15:33:14.449" endtime="20191216 15:33:20.602"></status>
</kw>
<kw name="Input Field Name By Label" library="resource">
<arguments>
<arg>"Enter Field Help Text"</arg>
<arg>${fieldhelptext}</arg>
</arguments>
<kw name="Input Text" library="Selenium2Library">
<doc>Types the given ``text`` into the text field identified by ``locator``.</doc>
<arguments>
<arg>//input[@aria-label=${fieldlabel}]</arg>
<arg>${fieldvalue}</arg>
</arguments>
<msg timestamp="20191216 15:33:20.602" level="INFO">Typing text 'Additional Street Address Information' into text field '//input[@aria-label="Enter Field Help Text"]'.</msg>
<status status="PASS" starttime="20191216 15:33:20.602" endtime="20191216 15:33:26.797"></status>
</kw>
<status status="PASS" starttime="20191216 15:33:20.602" endtime="20191216 15:33:26.797"></status>
</kw>
<kw name="Run Keyword If" library="BuiltIn">
<doc>Runs the given keyword with the given arguments, if ``condition`` is true.</doc>
<arguments>
<arg>${is_required} == 'True'</arg>
<arg>Set Text Field Required</arg>
</arguments>
<status status="PASS" starttime="20191216 15:33:26.798" endtime="20191216 15:33:26.798"></status>
</kw>
<status status="PASS" starttime="20191216 15:33:08.101" endtime="20191216 15:33:26.798"></status>
</kw>
<kw name="Add Text Field" library="resource">
<arguments>
<arg>City</arg>
<arg>""</arg>
<arg>"True"</arg>
</arguments>
<kw name="Click Link" library="Selenium2Library">
<doc>Clicks a link identified by ``locator``.</doc>
<arguments>
<arg>id=button-add-field-textfield</arg>
</arguments>
<msg timestamp="20191216 15:33:26.799" level="INFO">Clicking link 'id=button-add-field-textfield'.</msg>
<status status="PASS" starttime="20191216 15:33:26.799" endtime="20191216 15:33:33.028"></status>
</kw>
<kw name="Input Field Name By Label" library="resource">
<arguments>
<arg>"Enter Field Name"</arg>
<arg>${fieldname}</arg>
</arguments>
<kw name="Input Text" library="Selenium2Library">
<doc>Types the given ``text`` into the text field identified by ``locator``.</doc>
<arguments>
<arg>//input[@aria-label=${fieldlabel}]</arg>
<arg>${fieldvalue}</arg>
</arguments>
<msg timestamp="20191216 15:33:33.029" level="INFO">Typing text 'City' into text field '//input[@aria-label="Enter Field Name"]'.</msg>
<status status="PASS" starttime="20191216 15:33:33.029" endtime="20191216 15:33:39.139"></status>
</kw>
<status status="PASS" starttime="20191216 15:33:33.028" endtime="20191216 15:33:39.139"></status>
</kw>
<kw name="Input Field Name By Label" library="resource">
<arguments>
<arg>"Enter Field Help Text"</arg>
<arg>${fieldhelptext}</arg>
</arguments>
<kw name="Input Text" library="Selenium2Library">
<doc>Types the given ``text`` into the text field identified by ``locator``.</doc>
<arguments>
<arg>//input[@aria-label=${fieldlabel}]</arg>
<arg>${fieldvalue}</arg>
</arguments>
<msg timestamp="20191216 15:33:39.140" level="INFO">Typing text '""' into text field '//input[@aria-label="Enter Field Help Text"]'.</msg>
<status status="PASS" starttime="20191216 15:33:39.140" endtime="20191216 15:33:45.251"></status>
</kw>
<status status="PASS" starttime="20191216 15:33:39.139" endtime="20191216 15:33:45.251"></status>
</kw>
<kw name="Run Keyword If" library="BuiltIn">
<doc>Runs the given keyword with the given arguments, if ``condition`` is true.</doc>
<arguments>
<arg>${is_required} == 'True'</arg>
<arg>Set Text Field Required</arg>
</arguments>
<kw name="Set Text Field Required" library="resource">
<kw name="Select Tab" library="resource">
<arguments>
<arg>"required-tab"</arg>
</arguments>
<kw name="Click Element" library="Selenium2Library">
<doc>Click the element identified by ``locator``.</doc>
<arguments>
<arg>//div[contains(@class, ${tabname})]</arg>
</arguments>
<msg timestamp="20191216 15:33:45.253" level="INFO">Clicking element '//div[contains(@class, "required-tab")]'.</msg>
<status status="PASS" starttime="20191216 15:33:45.253" endtime="20191216 15:33:49.359"></status>
</kw>
<status status="PASS" starttime="20191216 15:33:45.252" endtime="20191216 15:33:49.360"></status>
</kw>
<kw name="Select Range" library="resource">
<arguments>
<arg>"date-range"</arg>
</arguments>
<kw name="Click Element" library="Selenium2Library">
<doc>Click the element identified by ``locator``.</doc>
<arguments>
<arg>//div[contains(@class, ${tabname})]</arg>
</arguments>
<msg timestamp="20191216 15:33:49.360" level="INFO">Clicking element '//div[contains(@class, "date-range")]'.</msg>
<status status="PASS" starttime="20191216 15:33:49.360" endtime="20191216 15:33:53.441"></status>
</kw>
<status status="PASS" starttime="20191216 15:33:49.360" endtime="20191216 15:33:53.442"></status>
</kw>
<kw name="Capture Page Screenshot" library="Selenium2Library">
<doc>Takes a screenshot of the current page and embeds it into a log file.</doc>
<arguments>
<arg>setRequired.png</arg>
</arguments>
<msg timestamp="20191216 15:33:55.877" level="INFO" html="yes">&lt;/td&gt;&lt;/tr&gt;&lt;tr&gt;&lt;td colspan="3"&gt;&lt;a href="screenshots/setRequired.png"&gt;&lt;img src="screenshots/setRequired.png" width="800px"&gt;&lt;/a&gt;</msg>
<status status="PASS" starttime="20191216 15:33:53.442" endtime="20191216 15:33:55.877"></status>
</kw>
<status status="PASS" starttime="20191216 15:33:45.252" endtime="20191216 15:33:55.877"></status>
</kw>
<status status="PASS" starttime="20191216 15:33:45.251" endtime="20191216 15:33:55.878"></status>
</kw>
<status status="PASS" starttime="20191216 15:33:26.798" endtime="20191216 15:33:55.878"></status>
</kw>
<kw name="Add Text Field" library="resource">
<arguments>
<arg>State</arg>
<arg>""</arg>
<arg>"True"</arg>
</arguments>
<kw name="Click Link" library="Selenium2Library">
<doc>Clicks a link identified by ``locator``.</doc>
<arguments>
<arg>id=button-add-field-textfield</arg>
</arguments>
<msg timestamp="20191216 15:33:55.879" level="INFO">Clicking link 'id=button-add-field-textfield'.</msg>
<status status="PASS" starttime="20191216 15:33:55.878" endtime="20191216 15:34:02.185"></status>
</kw>
<kw name="Input Field Name By Label" library="resource">
<arguments>
<arg>"Enter Field Name"</arg>
<arg>${fieldname}</arg>
</arguments>
<kw name="Input Text" library="Selenium2Library">
<doc>Types the given ``text`` into the text field identified by ``locator``.</doc>
<arguments>
<arg>//input[@aria-label=${fieldlabel}]</arg>
<arg>${fieldvalue}</arg>
</arguments>
<msg timestamp="20191216 15:34:02.187" level="INFO">Typing text 'State' into text field '//input[@aria-label="Enter Field Name"]'.</msg>
<status status="PASS" starttime="20191216 15:34:02.186" endtime="20191216 15:34:08.294"></status>
</kw>
<status status="PASS" starttime="20191216 15:34:02.186" endtime="20191216 15:34:08.294"></status>
</kw>
<kw name="Input Field Name By Label" library="resource">
<arguments>
<arg>"Enter Field Help Text"</arg>
<arg>${fieldhelptext}</arg>
</arguments>
<kw name="Input Text" library="Selenium2Library">
<doc>Types the given ``text`` into the text field identified by ``locator``.</doc>
<arguments>
<arg>//input[@aria-label=${fieldlabel}]</arg>
<arg>${fieldvalue}</arg>
</arguments>
<msg timestamp="20191216 15:34:08.295" level="INFO">Typing text '""' into text field '//input[@aria-label="Enter Field Help Text"]'.</msg>
<status status="PASS" starttime="20191216 15:34:08.295" endtime="20191216 15:34:14.400"></status>
</kw>
<status status="PASS" starttime="20191216 15:34:08.294" endtime="20191216 15:34:14.401"></status>
</kw>
<kw name="Run Keyword If" library="BuiltIn">
<doc>Runs the given keyword with the given arguments, if ``condition`` is true.</doc>
<arguments>
<arg>${is_required} == 'True'</arg>
<arg>Set Text Field Required</arg>
</arguments>
<kw name="Set Text Field Required" library="resource">
<kw name="Select Tab" library="resource">
<arguments>
<arg>"required-tab"</arg>
</arguments>
<kw name="Click Element" library="Selenium2Library">
<doc>Click the element identified by ``locator``.</doc>
<arguments>
<arg>//div[contains(@class, ${tabname})]</arg>
</arguments>
<msg timestamp="20191216 15:34:14.403" level="INFO">Clicking element '//div[contains(@class, "required-tab")]'.</msg>
<status status="PASS" starttime="20191216 15:34:14.403" endtime="20191216 15:34:18.503"></status>
</kw>
<status status="PASS" starttime="20191216 15:34:14.402" endtime="20191216 15:34:18.503"></status>
</kw>
<kw name="Select Range" library="resource">
<arguments>
<arg>"date-range"</arg>
</arguments>
<kw name="Click Element" library="Selenium2Library">
<doc>Click the element identified by ``locator``.</doc>
<arguments>
<arg>//div[contains(@class, ${tabname})]</arg>
</arguments>
<msg timestamp="20191216 15:34:18.505" level="INFO">Clicking element '//div[contains(@class, "date-range")]'.</msg>
<status status="PASS" starttime="20191216 15:34:18.504" endtime="20191216 15:34:22.589"></status>
</kw>
<status status="PASS" starttime="20191216 15:34:18.504" endtime="20191216 15:34:22.589"></status>
</kw>
<kw name="Capture Page Screenshot" library="Selenium2Library">
<doc>Takes a screenshot of the current page and embeds it into a log file.</doc>
<arguments>
<arg>setRequired.png</arg>
</arguments>
<msg timestamp="20191216 15:34:25.052" level="INFO" html="yes">&lt;/td&gt;&lt;/tr&gt;&lt;tr&gt;&lt;td colspan="3"&gt;&lt;a href="screenshots/setRequired.png"&gt;&lt;img src="screenshots/setRequired.png" width="800px"&gt;&lt;/a&gt;</msg>
<status status="PASS" starttime="20191216 15:34:22.589" endtime="20191216 15:34:25.052"></status>
</kw>
<status status="PASS" starttime="20191216 15:34:14.402" endtime="20191216 15:34:25.052"></status>
</kw>
<status status="PASS" starttime="20191216 15:34:14.401" endtime="20191216 15:34:25.053"></status>
</kw>
<status status="PASS" starttime="20191216 15:33:55.878" endtime="20191216 15:34:25.053"></status>
</kw>
<kw name="Add Text Field" library="resource">
<arguments>
<arg>Zip Code</arg>
<arg>"5-digit zip code in US"</arg>
<arg>"True"</arg>
</arguments>
<kw name="Click Link" library="Selenium2Library">
<doc>Clicks a link identified by ``locator``.</doc>
<arguments>
<arg>id=button-add-field-textfield</arg>
</arguments>
<msg timestamp="20191216 15:34:25.054" level="INFO">Clicking link 'id=button-add-field-textfield'.</msg>
<status status="PASS" starttime="20191216 15:34:25.054" endtime="20191216 15:34:31.319"></status>
</kw>
<kw name="Input Field Name By Label" library="resource">
<arguments>
<arg>"Enter Field Name"</arg>
<arg>${fieldname}</arg>
</arguments>
<kw name="Input Text" library="Selenium2Library">
<doc>Types the given ``text`` into the text field identified by ``locator``.</doc>
<arguments>
<arg>//input[@aria-label=${fieldlabel}]</arg>
<arg>${fieldvalue}</arg>
</arguments>
<msg timestamp="20191216 15:34:31.321" level="INFO">Typing text 'Zip Code' into text field '//input[@aria-label="Enter Field Name"]'.</msg>
<status status="PASS" starttime="20191216 15:34:31.321" endtime="20191216 15:34:37.449"></status>
</kw>
<status status="PASS" starttime="20191216 15:34:31.320" endtime="20191216 15:34:37.449"></status>
</kw>
<kw name="Input Field Name By Label" library="resource">
<arguments>
<arg>"Enter Field Help Text"</arg>
<arg>${fieldhelptext}</arg>
</arguments>
<kw name="Input Text" library="Selenium2Library">
<doc>Types the given ``text`` into the text field identified by ``locator``.</doc>
<arguments>
<arg>//input[@aria-label=${fieldlabel}]</arg>
<arg>${fieldvalue}</arg>
</arguments>
<msg timestamp="20191216 15:34:37.450" level="INFO">Typing text '"5-digit zip code in US"' into text field '//input[@aria-label="Enter Field Help Text"]'.</msg>
<status status="PASS" starttime="20191216 15:34:37.450" endtime="20191216 15:34:43.650"></status>
</kw>
<status status="PASS" starttime="20191216 15:34:37.450" endtime="20191216 15:34:43.650"></status>
</kw>
<kw name="Run Keyword If" library="BuiltIn">
<doc>Runs the given keyword with the given arguments, if ``condition`` is true.</doc>
<arguments>
<arg>${is_required} == 'True'</arg>
<arg>Set Text Field Required</arg>
</arguments>
<kw name="Set Text Field Required" library="resource">
<kw name="Select Tab" library="resource">
<arguments>
<arg>"required-tab"</arg>
</arguments>
<kw name="Click Element" library="Selenium2Library">
<doc>Click the element identified by ``locator``.</doc>
<arguments>
<arg>//div[contains(@class, ${tabname})]</arg>
</arguments>
<msg timestamp="20191216 15:34:43.653" level="INFO">Clicking element '//div[contains(@class, "required-tab")]'.</msg>
<status status="PASS" starttime="20191216 15:34:43.652" endtime="20191216 15:34:47.759"></status>
</kw>
<status status="PASS" starttime="20191216 15:34:43.652" endtime="20191216 15:34:47.760"></status>
</kw>
<kw name="Select Range" library="resource">
<arguments>
<arg>"date-range"</arg>
</arguments>
<kw name="Click Element" library="Selenium2Library">
<doc>Click the element identified by ``locator``.</doc>
<arguments>
<arg>//div[contains(@class, ${tabname})]</arg>
</arguments>
<msg timestamp="20191216 15:34:47.760" level="INFO">Clicking element '//div[contains(@class, "date-range")]'.</msg>
<status status="PASS" starttime="20191216 15:34:47.760" endtime="20191216 15:34:51.854"></status>
</kw>
<status status="PASS" starttime="20191216 15:34:47.760" endtime="20191216 15:34:51.854"></status>
</kw>
<kw name="Capture Page Screenshot" library="Selenium2Library">
<doc>Takes a screenshot of the current page and embeds it into a log file.</doc>
<arguments>
<arg>setRequired.png</arg>
</arguments>
<msg timestamp="20191216 15:34:54.296" level="INFO" html="yes">&lt;/td&gt;&lt;/tr&gt;&lt;tr&gt;&lt;td colspan="3"&gt;&lt;a href="screenshots/setRequired.png"&gt;&lt;img src="screenshots/setRequired.png" width="800px"&gt;&lt;/a&gt;</msg>
<status status="PASS" starttime="20191216 15:34:51.855" endtime="20191216 15:34:54.297"></status>
</kw>
<status status="PASS" starttime="20191216 15:34:43.651" endtime="20191216 15:34:54.297"></status>
</kw>
<status status="PASS" starttime="20191216 15:34:43.651" endtime="20191216 15:34:54.297"></status>
</kw>
<status status="PASS" starttime="20191216 15:34:25.053" endtime="20191216 15:34:54.297"></status>
</kw>
<kw name="Click Save Button" library="resource">
<arguments>
<arg>button-save-element</arg>
</arguments>
<kw name="Click Button" library="Selenium2Library">
<doc>Clicks the button identified by ``locator``.</doc>
<arguments>
<arg>${savebuttonid}</arg>
</arguments>
<msg timestamp="20191216 15:34:54.298" level="INFO">Clicking button 'button-save-element'.</msg>
<status status="PASS" starttime="20191216 15:34:54.298" endtime="20191216 15:35:04.636"></status>
</kw>
<status status="PASS" starttime="20191216 15:34:54.297" endtime="20191216 15:35:04.636"></status>
</kw>
<kw name="Capture Page Screenshot" library="Selenium2Library">
<doc>Takes a screenshot of the current page and embeds it into a log file.</doc>
<arguments>
<arg>elementDetails.png</arg>
</arguments>
<msg timestamp="20191216 15:35:07.104" level="INFO" html="yes">&lt;/td&gt;&lt;/tr&gt;&lt;tr&gt;&lt;td colspan="3"&gt;&lt;a href="screenshots/elementDetails.png"&gt;&lt;img src="screenshots/elementDetails.png" width="800px"&gt;&lt;/a&gt;</msg>
<status status="PASS" starttime="20191216 15:35:04.637" endtime="20191216 15:35:07.104"></status>
</kw>
<kw name="Go Back to CEDAR Workspace" library="resource">
<kw name="Click Element" library="Selenium2Library">
<doc>Click the element identified by ``locator``.</doc>
<arguments>
<arg>//i[contains(@class, back-arrow)]</arg>
</arguments>
<msg timestamp="20191216 15:35:07.105" level="INFO">Clicking element '//i[contains(@class, back-arrow)]'.</msg>
<status status="PASS" starttime="20191216 15:35:07.105" endtime="20191216 15:35:11.378"></status>
</kw>
<status status="PASS" starttime="20191216 15:35:07.104" endtime="20191216 15:35:11.378"></status>
</kw>
<status status="PASS" starttime="20191216 15:31:27.839" endtime="20191216 15:35:11.378" critical="yes"></status>
</test>
<test id="s1-s1-t3" name="Create New Template">
<kw name="Set Screenshot Directory" library="Selenium2Library" type="setup">
<doc>Sets the directory for captured screenshots.</doc>
<arguments>
<arg>screenshots/</arg>
</arguments>
<status status="PASS" starttime="20191216 15:35:11.380" endtime="20191216 15:35:11.380"></status>
</kw>
<kw name="Click New Button" library="resource">
<kw name="Click Button" library="Selenium2Library">
<doc>Clicks the button identified by ``locator``.</doc>
<arguments>
<arg>button-create</arg>
</arguments>
<msg timestamp="20191216 15:35:11.381" level="INFO">Clicking button 'button-create'.</msg>
<status status="PASS" starttime="20191216 15:35:11.381" endtime="20191216 15:35:21.494"></status>
</kw>
<status status="PASS" starttime="20191216 15:35:11.381" endtime="20191216 15:35:21.494"></status>
</kw>
<kw name="Capture Page Screenshot" library="Selenium2Library">
<doc>Takes a screenshot of the current page and embeds it into a log file.</doc>
<arguments>
<arg>myworkspace.png</arg>
</arguments>
<msg timestamp="20191216 15:35:23.936" level="INFO" html="yes">&lt;/td&gt;&lt;/tr&gt;&lt;tr&gt;&lt;td colspan="3"&gt;&lt;a href="screenshots/myworkspace.png"&gt;&lt;img src="screenshots/myworkspace.png" width="800px"&gt;&lt;/a&gt;</msg>
<status status="PASS" starttime="20191216 15:35:21.494" endtime="20191216 15:35:23.936"></status>
</kw>
<kw name="Click Link" library="Selenium2Library">
<doc>Clicks a link identified by ``locator``.</doc>
<arguments>
<arg>id=button-create-template</arg>
</arguments>
<msg timestamp="20191216 15:35:23.937" level="INFO">Clicking link 'id=button-create-template'.</msg>
<status status="PASS" starttime="20191216 15:35:23.936" endtime="20191216 15:35:30.025"></status>
</kw>
<kw name="Input Field Name By ID" library="resource">
<arguments>
<arg>template-name</arg>
<arg>Demonstration Template</arg>
</arguments>
<kw name="Input Text" library="Selenium2Library">
<doc>Types the given ``text`` into the text field identified by ``locator``.</doc>
<arguments>
<arg>id=${fieldname}</arg>
<arg>${fieldvalue}</arg>
</arguments>
<msg timestamp="20191216 15:35:30.026" level="INFO">Typing text 'Demonstration Template' into text field 'id=template-name'.</msg>
<status status="PASS" starttime="20191216 15:35:30.026" endtime="20191216 15:35:36.238"></status>
</kw>
<status status="PASS" starttime="20191216 15:35:30.025" endtime="20191216 15:35:36.239"></status>
</kw>
<kw name="Input Field Name By ID" library="resource">
<arguments>
<arg>template-identifier</arg>
<arg>demo-template</arg>
</arguments>
<kw name="Input Text" library="Selenium2Library">
<doc>Types the given ``text`` into the text field identified by ``locator``.</doc>
<arguments>
<arg>id=${fieldname}</arg>
<arg>${fieldvalue}</arg>
</arguments>
<msg timestamp="20191216 15:35:36.240" level="INFO">Typing text 'demo-template' into text field 'id=template-identifier'.</msg>
<status status="PASS" starttime="20191216 15:35:36.240" endtime="20191216 15:35:42.380"></status>
</kw>
<status status="PASS" starttime="20191216 15:35:36.239" endtime="20191216 15:35:42.381"></status>
</kw>
<kw name="Input Field Name By ID" library="resource">
<arguments>
<arg>template-description</arg>
<arg>"A demo template to show automation"</arg>
</arguments>
<kw name="Input Text" library="Selenium2Library">
<doc>Types the given ``text`` into the text field identified by ``locator``.</doc>
<arguments>
<arg>id=${fieldname}</arg>
<arg>${fieldvalue}</arg>
</arguments>
<msg timestamp="20191216 15:35:42.382" level="INFO">Typing text '"A demo template to show automation"' into text field 'id=template-description'.</msg>
<status status="PASS" starttime="20191216 15:35:42.381" endtime="20191216 15:35:48.625"></status>
</kw>
<status status="PASS" starttime="20191216 15:35:42.381" endtime="20191216 15:35:48.625"></status>
</kw>
<kw name="Capture Page Screenshot" library="Selenium2Library">
<doc>Takes a screenshot of the current page and embeds it into a log file.</doc>
<arguments>
<arg>addTemplatename.png</arg>
</arguments>
<msg timestamp="20191216 15:35:51.080" level="INFO" html="yes">&lt;/td&gt;&lt;/tr&gt;&lt;tr&gt;&lt;td colspan="3"&gt;&lt;a href="screenshots/addTemplatename.png"&gt;&lt;img src="screenshots/addTemplatename.png" width="800px"&gt;&lt;/a&gt;</msg>
<status status="PASS" starttime="20191216 15:35:48.625" endtime="20191216 15:35:51.080"></status>
</kw>
<kw name="Add Text Field" library="resource">
<arguments>
<arg>Type of Injury</arg>
<arg>Type of injury being identified</arg>
<arg>"True"</arg>
</arguments>
<kw name="Click Link" library="Selenium2Library">
<doc>Clicks a link identified by ``locator``.</doc>
<arguments>
<arg>id=button-add-field-textfield</arg>
</arguments>
<msg timestamp="20191216 15:35:51.082" level="INFO">Clicking link 'id=button-add-field-textfield'.</msg>
<status status="PASS" starttime="20191216 15:35:51.081" endtime="20191216 15:35:57.248"></status>
</kw>
<kw name="Input Field Name By Label" library="resource">
<arguments>
<arg>"Enter Field Name"</arg>
<arg>${fieldname}</arg>
</arguments>
<kw name="Input Text" library="Selenium2Library">
<doc>Types the given ``text`` into the text field identified by ``locator``.</doc>
<arguments>
<arg>//input[@aria-label=${fieldlabel}]</arg>
<arg>${fieldvalue}</arg>
</arguments>
<msg timestamp="20191216 15:35:57.250" level="INFO">Typing text 'Type of Injury' into text field '//input[@aria-label="Enter Field Name"]'.</msg>
<status status="PASS" starttime="20191216 15:35:57.249" endtime="20191216 15:36:03.381"></status>
</kw>
<status status="PASS" starttime="20191216 15:35:57.249" endtime="20191216 15:36:03.381"></status>
</kw>
<kw name="Input Field Name By Label" library="resource">
<arguments>
<arg>"Enter Field Help Text"</arg>
<arg>${fieldhelptext}</arg>
</arguments>
<kw name="Input Text" library="Selenium2Library">
<doc>Types the given ``text`` into the text field identified by ``locator``.</doc>
<arguments>
<arg>//input[@aria-label=${fieldlabel}]</arg>
<arg>${fieldvalue}</arg>
</arguments>
<msg timestamp="20191216 15:36:03.382" level="INFO">Typing text 'Type of injury being identified' into text field '//input[@aria-label="Enter Field Help Text"]'.</msg>
<status status="PASS" starttime="20191216 15:36:03.382" endtime="20191216 15:36:09.552"></status>
</kw>
<status status="PASS" starttime="20191216 15:36:03.381" endtime="20191216 15:36:09.552"></status>
</kw>
<kw name="Run Keyword If" library="BuiltIn">
<doc>Runs the given keyword with the given arguments, if ``condition`` is true.</doc>
<arguments>
<arg>${is_required} == 'True'</arg>
<arg>Set Text Field Required</arg>
</arguments>
<kw name="Set Text Field Required" library="resource">
<kw name="Select Tab" library="resource">
<arguments>
<arg>"required-tab"</arg>
</arguments>
<kw name="Click Element" library="Selenium2Library">
<doc>Click the element identified by ``locator``.</doc>
<arguments>
<arg>//div[contains(@class, ${tabname})]</arg>
</arguments>
<msg timestamp="20191216 15:36:09.555" level="INFO">Clicking element '//div[contains(@class, "required-tab")]'.</msg>
<status status="PASS" starttime="20191216 15:36:09.555" endtime="20191216 15:36:13.632"></status>
</kw>
<status status="PASS" starttime="20191216 15:36:09.554" endtime="20191216 15:36:13.632"></status>
</kw>
<kw name="Select Range" library="resource">
<arguments>
<arg>"date-range"</arg>
</arguments>
<kw name="Click Element" library="Selenium2Library">
<doc>Click the element identified by ``locator``.</doc>
<arguments>
<arg>//div[contains(@class, ${tabname})]</arg>
</arguments>
<msg timestamp="20191216 15:36:13.633" level="INFO">Clicking element '//div[contains(@class, "date-range")]'.</msg>
<status status="PASS" starttime="20191216 15:36:13.633" endtime="20191216 15:36:17.694"></status>
</kw>
<status status="PASS" starttime="20191216 15:36:13.632" endtime="20191216 15:36:17.694"></status>
</kw>
<kw name="Capture Page Screenshot" library="Selenium2Library">
<doc>Takes a screenshot of the current page and embeds it into a log file.</doc>
<arguments>
<arg>setRequired.png</arg>
</arguments>
<msg timestamp="20191216 15:36:20.133" level="INFO" html="yes">&lt;/td&gt;&lt;/tr&gt;&lt;tr&gt;&lt;td colspan="3"&gt;&lt;a href="screenshots/setRequired.png"&gt;&lt;img src="screenshots/setRequired.png" width="800px"&gt;&lt;/a&gt;</msg>
<status status="PASS" starttime="20191216 15:36:17.694" endtime="20191216 15:36:20.133"></status>
</kw>
<status status="PASS" starttime="20191216 15:36:09.553" endtime="20191216 15:36:20.133"></status>
</kw>
<status status="PASS" starttime="20191216 15:36:09.553" endtime="20191216 15:36:20.133"></status>
</kw>
<status status="PASS" starttime="20191216 15:35:51.081" endtime="20191216 15:36:20.133"></status>
</kw>
<kw name="Select Tab" library="resource">
<arguments>
<arg>"value-controlled-terms-tab"</arg>
</arguments>
<kw name="Click Element" library="Selenium2Library">
<doc>Click the element identified by ``locator``.</doc>
<arguments>
<arg>//div[contains(@class, ${tabname})]</arg>
</arguments>
<msg timestamp="20191216 15:36:20.134" level="INFO">Clicking element '//div[contains(@class, "value-controlled-terms-tab")]'.</msg>
<status status="PASS" starttime="20191216 15:36:20.134" endtime="20191216 15:36:24.202"></status>
</kw>
<status status="PASS" starttime="20191216 15:36:20.134" endtime="20191216 15:36:24.203"></status>
</kw>
<kw name="Select Ontology Term" library="resource">
<arguments>
<arg>"Injury"</arg>
<arg>"C3671"</arg>
</arguments>
<kw name="Click Button By Class" library="resource">
<arguments>
<arg>"add"</arg>
</arguments>
<kw name="Click Element" library="Selenium2Library">
<doc>Click the element identified by ``locator``.</doc>
<arguments>
<arg>//button[contains(@class, ${btnname})]</arg>
</arguments>
<msg timestamp="20191216 15:36:24.205" level="INFO">Clicking element '//button[contains(@class, "add")]'.</msg>
<status status="PASS" starttime="20191216 15:36:24.204" endtime="20191216 15:36:28.289"></status>
</kw>
<status status="PASS" starttime="20191216 15:36:24.204" endtime="20191216 15:36:28.289"></status>
</kw>
<kw name="Input Ontology Term" library="resource">
<arguments>
<arg>${ontosearchstring}</arg>
<arg>${ontoterm}</arg>
</arguments>
<kw name="Input Field Name By ID" library="resource">
<arguments>
<arg>field-search-input</arg>
<arg>${ontosearchstring}</arg>
</arguments>
<kw name="Input Text" library="Selenium2Library">
<doc>Types the given ``text`` into the text field identified by ``locator``.</doc>
<arguments>
<arg>id=${fieldname}</arg>
<arg>${fieldvalue}</arg>
</arguments>
<msg timestamp="20191216 15:36:28.290" level="INFO">Typing text '"Injury"' into text field 'id=field-search-input'.</msg>
<status status="PASS" starttime="20191216 15:36:28.290" endtime="20191216 15:36:34.407"></status>
</kw>
<status status="PASS" starttime="20191216 15:36:28.290" endtime="20191216 15:36:34.407"></status>
</kw>
<kw name="Set Selenium Implicit Wait" library="Selenium2Library">
<doc>Sets the implicit wait value used by Selenium.</doc>
<arguments>
<arg>${DELAY}</arg>
</arguments>
<status status="PASS" starttime="20191216 15:36:34.407" endtime="20191216 15:36:36.409"></status>
</kw>
<kw name="Wait Until Page Contains Element" library="Selenium2Library">
<doc>Waits until the element ``locator`` appears on the current page.</doc>
<arguments>
<arg>//td[contains(text(), ${ontoterm})]</arg>
<arg>10s</arg>
</arguments>
<status status="PASS" starttime="20191216 15:36:36.409" endtime="20191216 15:36:42.682"></status>
</kw>
<kw name="Click Element" library="Selenium2Library">
<doc>Click the element identified by ``locator``.</doc>
<arguments>
<arg>//td[contains(text(), ${ontoterm})]</arg>
</arguments>
<msg timestamp="20191216 15:36:42.683" level="INFO">Clicking element '//td[contains(text(), "C3671")]'.</msg>
<status status="PASS" starttime="20191216 15:36:42.683" endtime="20191216 15:36:46.816"></status>
</kw>
<status status="PASS" starttime="20191216 15:36:28.289" endtime="20191216 15:36:46.816"></status>
</kw>
<kw name="Capture Page Screenshot" library="Selenium2Library">
<doc>Takes a screenshot of the current page and embeds it into a log file.</doc>
<arguments>
<arg>selectTerm.png</arg>
</arguments>
<msg timestamp="20191216 15:36:49.331" level="INFO" html="yes">&lt;/td&gt;&lt;/tr&gt;&lt;tr&gt;&lt;td colspan="3"&gt;&lt;a href="screenshots/selectTerm.png"&gt;&lt;img src="screenshots/selectTerm.png" width="800px"&gt;&lt;/a&gt;</msg>
<status status="PASS" starttime="20191216 15:36:46.817" endtime="20191216 15:36:49.331"></status>
</kw>
<kw name="Click Button By Class" library="resource">
<arguments>
<arg>"btn-add-term"</arg>
</arguments>
<kw name="Click Element" library="Selenium2Library">
<doc>Click the element identified by ``locator``.</doc>
<arguments>
<arg>//button[contains(@class, ${btnname})]</arg>
</arguments>
<msg timestamp="20191216 15:36:49.332" level="INFO">Clicking element '//button[contains(@class, "btn-add-term")]'.</msg>
<status status="PASS" starttime="20191216 15:36:49.332" endtime="20191216 15:36:54.381"></status>
</kw>
<status status="PASS" starttime="20191216 15:36:49.331" endtime="20191216 15:36:54.381"></status>
</kw>
<status status="PASS" starttime="20191216 15:36:24.203" endtime="20191216 15:36:54.381"></status>
</kw>
<kw name="Capture Page Screenshot" library="Selenium2Library">
<doc>Takes a screenshot of the current page and embeds it into a log file.</doc>
<arguments>
<arg>addOntologyTerm.png</arg>
</arguments>
<msg timestamp="20191216 15:36:56.811" level="INFO" html="yes">&lt;/td&gt;&lt;/tr&gt;&lt;tr&gt;&lt;td colspan="3"&gt;&lt;a href="screenshots/addOntologyTerm.png"&gt;&lt;img src="screenshots/addOntologyTerm.png" width="800px"&gt;&lt;/a&gt;</msg>
<status status="PASS" starttime="20191216 15:36:54.382" endtime="20191216 15:36:56.811"></status>
</kw>
<kw name="Select Ontology Term" library="resource">
<arguments>
<arg>"Chemical Exposure"</arg>
<arg>"C36290"</arg>
</arguments>
<kw name="Click Button By Class" library="resource">
<arguments>
<arg>"add"</arg>
</arguments>
<kw name="Click Element" library="Selenium2Library">
<doc>Click the element identified by ``locator``.</doc>
<arguments>
<arg>//button[contains(@class, ${btnname})]</arg>
</arguments>
<msg timestamp="20191216 15:36:56.813" level="INFO">Clicking element '//button[contains(@class, "add")]'.</msg>
<status status="PASS" starttime="20191216 15:36:56.812" endtime="20191216 15:37:00.895"></status>
</kw>
<status status="PASS" starttime="20191216 15:36:56.812" endtime="20191216 15:37:00.895"></status>
</kw>
<kw name="Input Ontology Term" library="resource">
<arguments>
<arg>${ontosearchstring}</arg>
<arg>${ontoterm}</arg>
</arguments>
<kw name="Input Field Name By ID" library="resource">
<arguments>
<arg>field-search-input</arg>
<arg>${ontosearchstring}</arg>
</arguments>
<kw name="Input Text" library="Selenium2Library">
<doc>Types the given ``text`` into the text field identified by ``locator``.</doc>
<arguments>
<arg>id=${fieldname}</arg>
<arg>${fieldvalue}</arg>
</arguments>
<msg timestamp="20191216 15:37:00.897" level="INFO">Typing text '"Chemical Exposure"' into text field 'id=field-search-input'.</msg>
<status status="PASS" starttime="20191216 15:37:00.897" endtime="20191216 15:37:07.059"></status>
</kw>
<status status="PASS" starttime="20191216 15:37:00.896" endtime="20191216 15:37:07.059"></status>
</kw>
<kw name="Set Selenium Implicit Wait" library="Selenium2Library">
<doc>Sets the implicit wait value used by Selenium.</doc>
<arguments>
<arg>${DELAY}</arg>
</arguments>
<status status="PASS" starttime="20191216 15:37:07.059" endtime="20191216 15:37:09.067"></status>
</kw>
<kw name="Wait Until Page Contains Element" library="Selenium2Library">
<doc>Waits until the element ``locator`` appears on the current page.</doc>
<arguments>
<arg>//td[contains(text(), ${ontoterm})]</arg>
<arg>10s</arg>
</arguments>
<status status="PASS" starttime="20191216 15:37:09.067" endtime="20191216 15:37:17.503"></status>
</kw>
<kw name="Click Element" library="Selenium2Library">
<doc>Click the element identified by ``locator``.</doc>
<arguments>
<arg>//td[contains(text(), ${ontoterm})]</arg>
</arguments>
<msg timestamp="20191216 15:37:17.504" level="INFO">Clicking element '//td[contains(text(), "C36290")]'.</msg>
<status status="PASS" starttime="20191216 15:37:17.503" endtime="20191216 15:37:21.644"></status>
</kw>
<status status="PASS" starttime="20191216 15:37:00.896" endtime="20191216 15:37:21.644"></status>
</kw>
<kw name="Capture Page Screenshot" library="Selenium2Library">
<doc>Takes a screenshot of the current page and embeds it into a log file.</doc>
<arguments>
<arg>selectTerm.png</arg>
</arguments>
<msg timestamp="20191216 15:37:24.123" level="INFO" html="yes">&lt;/td&gt;&lt;/tr&gt;&lt;tr&gt;&lt;td colspan="3"&gt;&lt;a href="screenshots/selectTerm.png"&gt;&lt;img src="screenshots/selectTerm.png" width="800px"&gt;&lt;/a&gt;</msg>
<status status="PASS" starttime="20191216 15:37:21.645" endtime="20191216 15:37:24.123"></status>
</kw>
<kw name="Click Button By Class" library="resource">
<arguments>
<arg>"btn-add-term"</arg>
</arguments>
<kw name="Click Element" library="Selenium2Library">
<doc>Click the element identified by ``locator``.</doc>
<arguments>
<arg>//button[contains(@class, ${btnname})]</arg>
</arguments>
<msg timestamp="20191216 15:37:24.124" level="INFO">Clicking element '//button[contains(@class, "btn-add-term")]'.</msg>
<status status="PASS" starttime="20191216 15:37:24.123" endtime="20191216 15:37:28.260"></status>
</kw>
<status status="PASS" starttime="20191216 15:37:24.123" endtime="20191216 15:37:28.260"></status>
</kw>
<status status="PASS" starttime="20191216 15:36:56.811" endtime="20191216 15:37:28.260"></status>
</kw>
<kw name="Add Text Field" library="resource">
<arguments>
<arg>Anatomic Location</arg>
<arg>Location of the item being identified</arg>
<arg>"False"</arg>
</arguments>
<kw name="Click Link" library="Selenium2Library">
<doc>Clicks a link identified by ``locator``.</doc>
<arguments>
<arg>id=button-add-field-textfield</arg>
</arguments>
<msg timestamp="20191216 15:37:28.262" level="INFO">Clicking link 'id=button-add-field-textfield'.</msg>
<status status="PASS" starttime="20191216 15:37:28.262" endtime="20191216 15:37:34.525"></status>
</kw>
<kw name="Input Field Name By Label" library="resource">
<arguments>
<arg>"Enter Field Name"</arg>
<arg>${fieldname}</arg>
</arguments>
<kw name="Input Text" library="Selenium2Library">
<doc>Types the given ``text`` into the text field identified by ``locator``.</doc>
<arguments>
<arg>//input[@aria-label=${fieldlabel}]</arg>
<arg>${fieldvalue}</arg>
</arguments>
<msg timestamp="20191216 15:37:34.527" level="INFO">Typing text 'Anatomic Location' into text field '//input[@aria-label="Enter Field Name"]'.</msg>
<status status="PASS" starttime="20191216 15:37:34.526" endtime="20191216 15:37:40.666"></status>
</kw>
<status status="PASS" starttime="20191216 15:37:34.526" endtime="20191216 15:37:40.666"></status>
</kw>
<kw name="Input Field Name By Label" library="resource">
<arguments>
<arg>"Enter Field Help Text"</arg>
<arg>${fieldhelptext}</arg>
</arguments>
<kw name="Input Text" library="Selenium2Library">
<doc>Types the given ``text`` into the text field identified by ``locator``.</doc>
<arguments>
<arg>//input[@aria-label=${fieldlabel}]</arg>
<arg>${fieldvalue}</arg>
</arguments>
<msg timestamp="20191216 15:37:40.667" level="INFO">Typing text 'Location of the item being identified' into text field '//input[@aria-label="Enter Field Help Text"]'.</msg>
<status status="PASS" starttime="20191216 15:37:40.667" endtime="20191216 15:37:46.848"></status>
</kw>
<status status="PASS" starttime="20191216 15:37:40.666" endtime="20191216 15:37:46.848"></status>
</kw>
<kw name="Run Keyword If" library="BuiltIn">
<doc>Runs the given keyword with the given arguments, if ``condition`` is true.</doc>
<arguments>
<arg>${is_required} == 'True'</arg>
<arg>Set Text Field Required</arg>
</arguments>
<status status="PASS" starttime="20191216 15:37:46.849" endtime="20191216 15:37:46.849"></status>
</kw>
<status status="PASS" starttime="20191216 15:37:28.261" endtime="20191216 15:37:46.850"></status>
</kw>
<kw name="Select Tab" library="resource">
<arguments>
<arg>"value-controlled-terms-tab"</arg>
</arguments>
<kw name="Click Element" library="Selenium2Library">
<doc>Click the element identified by ``locator``.</doc>
<arguments>
<arg>//div[contains(@class, ${tabname})]</arg>
</arguments>
<msg timestamp="20191216 15:37:46.851" level="INFO">Clicking element '//div[contains(@class, "value-controlled-terms-tab")]'.</msg>
<status status="PASS" starttime="20191216 15:37:46.851" endtime="20191216 15:37:50.951"></status>
</kw>
<status status="PASS" starttime="20191216 15:37:46.850" endtime="20191216 15:37:50.951"></status>
</kw>
<kw name="Select Ontology Term" library="resource">
<arguments>
<arg>"anatomical structure"</arg>
<arg>"RID13390"</arg>
</arguments>
<kw name="Click Button By Class" library="resource">
<arguments>
<arg>"add"</arg>
</arguments>
<kw name="Click Element" library="Selenium2Library">
<doc>Click the element identified by ``locator``.</doc>
<arguments>
<arg>//button[contains(@class, ${btnname})]</arg>
</arguments>
<msg timestamp="20191216 15:37:50.952" level="INFO">Clicking element '//button[contains(@class, "add")]'.</msg>
<status status="PASS" starttime="20191216 15:37:50.952" endtime="20191216 15:37:55.066"></status>
</kw>
<status status="PASS" starttime="20191216 15:37:50.951" endtime="20191216 15:37:55.066"></status>
</kw>
<kw name="Input Ontology Term" library="resource">
<arguments>
<arg>${ontosearchstring}</arg>
<arg>${ontoterm}</arg>
</arguments>
<kw name="Input Field Name By ID" library="resource">
<arguments>
<arg>field-search-input</arg>
<arg>${ontosearchstring}</arg>
</arguments>
<kw name="Input Text" library="Selenium2Library">
<doc>Types the given ``text`` into the text field identified by ``locator``.</doc>
<arguments>
<arg>id=${fieldname}</arg>
<arg>${fieldvalue}</arg>
</arguments>
<msg timestamp="20191216 15:37:55.068" level="INFO">Typing text '"anatomical structure"' into text field 'id=field-search-input'.</msg>
<status status="PASS" starttime="20191216 15:37:55.067" endtime="20191216 15:38:01.225"></status>
</kw>
<status status="PASS" starttime="20191216 15:37:55.067" endtime="20191216 15:38:01.225"></status>
</kw>
<kw name="Set Selenium Implicit Wait" library="Selenium2Library">
<doc>Sets the implicit wait value used by Selenium.</doc>
<arguments>
<arg>${DELAY}</arg>
</arguments>
<status status="PASS" starttime="20191216 15:38:01.226" endtime="20191216 15:38:03.228"></status>
</kw>
<kw name="Wait Until Page Contains Element" library="Selenium2Library">
<doc>Waits until the element ``locator`` appears on the current page.</doc>
<arguments>
<arg>//td[contains(text(), ${ontoterm})]</arg>
<arg>10s</arg>
</arguments>
<status status="PASS" starttime="20191216 15:38:03.228" endtime="20191216 15:38:11.454"></status>
</kw>
<kw name="Click Element" library="Selenium2Library">
<doc>Click the element identified by ``locator``.</doc>
<arguments>
<arg>//td[contains(text(), ${ontoterm})]</arg>
</arguments>
<msg timestamp="20191216 15:38:11.454" level="INFO">Clicking element '//td[contains(text(), "RID13390")]'.</msg>
<status status="PASS" starttime="20191216 15:38:11.454" endtime="20191216 15:38:15.605"></status>
</kw>
<status status="PASS" starttime="20191216 15:37:55.066" endtime="20191216 15:38:15.606"></status>
</kw>
<kw name="Capture Page Screenshot" library="Selenium2Library">
<doc>Takes a screenshot of the current page and embeds it into a log file.</doc>
<arguments>
<arg>selectTerm.png</arg>
</arguments>
<msg timestamp="20191216 15:38:18.072" level="INFO" html="yes">&lt;/td&gt;&lt;/tr&gt;&lt;tr&gt;&lt;td colspan="3"&gt;&lt;a href="screenshots/selectTerm.png"&gt;&lt;img src="screenshots/selectTerm.png" width="800px"&gt;&lt;/a&gt;</msg>
<status status="PASS" starttime="20191216 15:38:15.606" endtime="20191216 15:38:18.072"></status>
</kw>
<kw name="Click Button By Class" library="resource">
<arguments>
<arg>"btn-add-term"</arg>
</arguments>
<kw name="Click Element" library="Selenium2Library">
<doc>Click the element identified by ``locator``.</doc>
<arguments>
<arg>//button[contains(@class, ${btnname})]</arg>
</arguments>
<msg timestamp="20191216 15:38:18.073" level="INFO">Clicking element '//button[contains(@class, "btn-add-term")]'.</msg>
<status status="PASS" starttime="20191216 15:38:18.073" endtime="20191216 15:38:22.240"></status>
</kw>
<status status="PASS" starttime="20191216 15:38:18.072" endtime="20191216 15:38:22.240"></status>
</kw>
<status status="PASS" starttime="20191216 15:37:50.951" endtime="20191216 15:38:22.240"></status>
</kw>
<kw name="Click Save Button" library="resource">
<arguments>
<arg>button-save-template</arg>
</arguments>
<kw name="Click Button" library="Selenium2Library">
<doc>Clicks the button identified by ``locator``.</doc>
<arguments>
<arg>${savebuttonid}</arg>
</arguments>
<msg timestamp="20191216 15:38:22.241" level="INFO">Clicking button 'button-save-template'.</msg>
<status status="PASS" starttime="20191216 15:38:22.241" endtime="20191216 15:38:32.516"></status>
</kw>
<status status="PASS" starttime="20191216 15:38:22.240" endtime="20191216 15:38:32.517"></status>
</kw>
<kw name="Go Back to CEDAR Workspace" library="resource">
<kw name="Click Element" library="Selenium2Library">
<doc>Click the element identified by ``locator``.</doc>
<arguments>
<arg>//i[contains(@class, back-arrow)]</arg>
</arguments>
<msg timestamp="20191216 15:38:32.517" level="INFO">Clicking element '//i[contains(@class, back-arrow)]'.</msg>
<status status="PASS" starttime="20191216 15:38:32.517" endtime="20191216 15:38:36.741"></status>
</kw>
<status status="PASS" starttime="20191216 15:38:32.517" endtime="20191216 15:38:36.741"></status>
</kw>
<status status="PASS" starttime="20191216 15:35:11.379" endtime="20191216 15:38:36.741" critical="yes"></status>
</test>
<test id="s1-s1-t4" name="Create New Field">
<kw name="Set Screenshot Directory" library="Selenium2Library" type="setup">
<doc>Sets the directory for captured screenshots.</doc>
<arguments>
<arg>screenshots/</arg>
</arguments>
<status status="PASS" starttime="20191216 15:38:36.742" endtime="20191216 15:38:36.743"></status>
</kw>
<kw name="Click New Button" library="resource">
<kw name="Click Button" library="Selenium2Library">
<doc>Clicks the button identified by ``locator``.</doc>
<arguments>
<arg>button-create</arg>
</arguments>
<msg timestamp="20191216 15:38:36.743" level="INFO">Clicking button 'button-create'.</msg>
<status status="PASS" starttime="20191216 15:38:36.743" endtime="20191216 15:38:46.839"></status>
</kw>
<status status="PASS" starttime="20191216 15:38:36.743" endtime="20191216 15:38:46.839"></status>
</kw>
<kw name="Click Link" library="Selenium2Library">
<doc>Clicks a link identified by ``locator``.</doc>
<arguments>
<arg>id=button-create-field</arg>
</arguments>
<msg timestamp="20191216 15:38:46.839" level="INFO">Clicking link 'id=button-create-field'.</msg>
<status status="PASS" starttime="20191216 15:38:46.839" endtime="20191216 15:38:52.926"></status>
</kw>
<kw name="Go Back to CEDAR Workspace" library="resource">
<kw name="Click Element" library="Selenium2Library">
<doc>Click the element identified by ``locator``.</doc>
<arguments>
<arg>//i[contains(@class, back-arrow)]</arg>
</arguments>
<msg timestamp="20191216 15:38:52.927" level="INFO">Clicking element '//i[contains(@class, back-arrow)]'.</msg>
<status status="PASS" starttime="20191216 15:38:52.927" endtime="20191216 15:38:56.992"></status>
</kw>
<status status="PASS" starttime="20191216 15:38:52.926" endtime="20191216 15:38:56.993"></status>
</kw>
<status status="PASS" starttime="20191216 15:38:36.742" endtime="20191216 15:38:56.993" critical="yes"></status>
</test>
<doc>A test suite with tests for login/element creation/template creation</doc>
<status status="PASS" starttime="20191216 15:31:19.343" endtime="20191216 15:38:56.995"></status>
</suite>
<status status="PASS" starttime="20191216 15:31:19.316" endtime="20191216 15:38:56.999"></status>
</suite>
<statistics>
<total>
<stat pass="4" fail="0">Critical Tests</stat>
<stat pass="4" fail="0">All Tests</stat>
</total>
<tag>
</tag>
<suite>
<stat pass="4" fail="0" id="s1" name="Automate">Automate</stat>
<stat pass="4" fail="0" id="s1-s1" name="Valid Login">Automate.Valid Login</stat>
</suite>
</statistics>
<errors>
</errors>
</robot>
